<?xml version="1.0" encoding="UTF-8"?>
<!-- Generated by org.testng.reporters.JUnitReportReporter -->
<testsuite hostname="DESKTOP-FCPK6OC" failures="0" tests="2" name="neoStoxTestClasses.ValidateNeoStoxUserName1" time="21.068" errors="0" timestamp="2022-12-20T12:03:10 IST" skipped="0">
  <testcase classname="neoStoxTestClasses.ValidateNeoStoxUserName1" name="validateUserID" time="10.595"/>
  <system-out>
    <![CDATA[Waiting for time1000ms
Actual User Name Supriya G
reading userName from property file
Waiting for time1000ms
Actual User Name Supriya G
taking screenshot]]>
  </system-out>
  <testcase classname="neoStoxTestClasses.ValidateNeoStoxUserName1" name="validateAccountBalance" time="10.473"/>
  <system-out>
    <![CDATA[Waiting for time1000ms
Account Balance is Rs.5,00,000.00
Waiting for time1000ms
Actual User Name Supriya G
taking screenshot]]>
  </system-out>
</testsuite> <!-- neoStoxTestClasses.ValidateNeoStoxUserName1 -->
